{"name": "test_go_to_order_history", "status": "broken", "statusDetails": {"message": "selenium.common.exceptions.TimeoutException: Message: \nStacktrace:\n\tGetHandleVerifier [0x00007FF752DACF45+75717]\n\tGetHandleVerifier [0x00007FF752DACFA0+75808]\n\t(No symbol) [0x00007FF752B78F9A]\n\t(No symbol) [0x00007FF752BCF4C6]\n\t(No symbol) [0x00007FF752BCF77C]\n\t(No symbol) [0x00007FF752C22577]\n\t(No symbol) [0x00007FF752BF73BF]\n\t(No symbol) [0x00007FF752C1F39C]\n\t(No symbol) [0x00007FF752BF7153]\n\t(No symbol) [0x00007FF752BC0421]\n\t(No symbol) [0x00007FF752BC11B3]\n\tGetHandleVerifier [0x00007FF7530AD71D+3223453]\n\tGetHandleVerifier [0x00007FF7530A7CC2+3200322]\n\tGetHandleVerifier [0x00007FF7530C5AF3+3322739]\n\tGetHandleVerifier [0x00007FF752DC6A1A+180890]\n\tGetHandleVerifier [0x00007FF752DCE11F+211359]\n\tGetHandleVerifier [0x00007FF752DB5294+109332]\n\tGetHandleVerifier [0x00007FF752DB5442+109762]\n\tGetHandleVerifier [0x00007FF752D9BA59+4825]\n\tBaseThreadInitThunk [0x00007FFA26717374+20]\n\tRtlUserThreadStart [0x00007FFA278BCC91+33]", "trace": "self = <tests.test_profile.TestProfile object at 0x000002606FB67890>\ndriver = <selenium.webdriver.chrome.webdriver.WebDriver (session=\"14f81daa979a2017be3e31cca9687162\")>\ncreate_and_login_user = {'accessToken': 'Bearer eyJhbGciOiJIUzI1NiIsInR5cCI6IkpXVCJ9.eyJpZCI6IjY4MzFkN2FjOWVkMjgwMDAxYjVmOTgyNiIsImlhdCI6MTc0O...VUCsUYzXNIGGm4WuVh2Dn2qlDnlyEG8-OOpsDs', 'email': 'test_tckhw@yandex.ru', 'name': 'IyAKzfkw', 'password': 'LZfwPeqwyV'}\n\n    @allure.story(\"Переход в раздел История заказов\")\n    def test_go_to_order_history(self, driver, create_and_login_user):\n        driver.get(login_url)\n        login = LoginPage(driver)\n        login.login_user(create_and_login_user[\"email\"], create_and_login_user[\"password\"])\n        profile = ProfilePage(driver)\n        profile.go_to_profile()\n>       profile.go_to_order_history()\n\ntests\\test_profile.py:31: \n_ _ _ _ _ _ _ _ _ _ _ _ _ _ _ _ _ _ _ _ _ _ _ _ _ _ _ _ _ _ _ _ _ _ _ _ _ _ _ _ _ _ _ _ _ _ _ _ _ _ _ _ _ _ _ _ _ _ _ _ _ _ _ _ _ _ _\npages\\profile_page.py:34: in go_to_order_history\n    self.click(ProfilePageLocators.ORDER_HISTORY_BUTTON)\npages\\base_page.py:24: in click\n    element = self.wait.until(\n_ _ _ _ _ _ _ _ _ _ _ _ _ _ _ _ _ _ _ _ _ _ _ _ _ _ _ _ _ _ _ _ _ _ _ _ _ _ _ _ _ _ _ _ _ _ _ _ _ _ _ _ _ _ _ _ _ _ _ _ _ _ _ _ _ _ _\n\nself = <selenium.webdriver.support.wait.WebDriverWait (session=\"14f81daa979a2017be3e31cca9687162\")>\nmethod = <function element_to_be_clickable.<locals>._predicate at 0x000002606FBE2E80>, message = ''\n\n    def until(self, method: Callable[[D], Union[Literal[False], T]], message: str = \"\") -> T:\n        \"\"\"Wait until the method returns a value that is not False.\n    \n        Calls the method provided with the driver as an argument until the\n        return value does not evaluate to ``False``.\n    \n        Parameters:\n        -----------\n        method: callable(WebDriver)\n            - A callable object that takes a WebDriver instance as an argument.\n    \n        message: str\n            - Optional message for :exc:`TimeoutException`\n    \n        Return:\n        -------\n        object: T\n            - The result of the last call to `method`\n    \n        Raises:\n        -------\n        TimeoutException\n            - If 'method' does not return a truthy value within the WebDriverWait\n            object's timeout\n    \n        Example:\n        --------\n        >>> from selenium.webdriver.common.by import By\n        >>> from selenium.webdriver.support.ui import WebDriverWait\n        >>> from selenium.webdriver.support import expected_conditions as EC\n    \n        # Wait until an element is visible on the page\n        >>> wait = WebDriverWait(driver, 10)\n        >>> element = wait.until(EC.visibility_of_element_located((By.ID, \"exampleId\")))\n        >>> print(element.text)\n        \"\"\"\n        screen = None\n        stacktrace = None\n    \n        end_time = time.monotonic() + self._timeout\n        while True:\n            try:\n                value = method(self._driver)\n                if value:\n                    return value\n            except self._ignored_exceptions as exc:\n                screen = getattr(exc, \"screen\", None)\n                stacktrace = getattr(exc, \"stacktrace\", None)\n            if time.monotonic() > end_time:\n                break\n            time.sleep(self._poll)\n>       raise TimeoutException(message, screen, stacktrace)\nE       selenium.common.exceptions.TimeoutException: Message: \nE       Stacktrace:\nE       \tGetHandleVerifier [0x00007FF752DACF45+75717]\nE       \tGetHandleVerifier [0x00007FF752DACFA0+75808]\nE       \t(No symbol) [0x00007FF752B78F9A]\nE       \t(No symbol) [0x00007FF752BCF4C6]\nE       \t(No symbol) [0x00007FF752BCF77C]\nE       \t(No symbol) [0x00007FF752C22577]\nE       \t(No symbol) [0x00007FF752BF73BF]\nE       \t(No symbol) [0x00007FF752C1F39C]\nE       \t(No symbol) [0x00007FF752BF7153]\nE       \t(No symbol) [0x00007FF752BC0421]\nE       \t(No symbol) [0x00007FF752BC11B3]\nE       \tGetHandleVerifier [0x00007FF7530AD71D+3223453]\nE       \tGetHandleVerifier [0x00007FF7530A7CC2+3200322]\nE       \tGetHandleVerifier [0x00007FF7530C5AF3+3322739]\nE       \tGetHandleVerifier [0x00007FF752DC6A1A+180890]\nE       \tGetHandleVerifier [0x00007FF752DCE11F+211359]\nE       \tGetHandleVerifier [0x00007FF752DB5294+109332]\nE       \tGetHandleVerifier [0x00007FF752DB5442+109762]\nE       \tGetHandleVerifier [0x00007FF752D9BA59+4825]\nE       \tBaseThreadInitThunk [0x00007FFA26717374+20]\nE       \tRtlUserThreadStart [0x00007FFA278BCC91+33]\n\nvenv\\Lib\\site-packages\\selenium\\webdriver\\support\\wait.py:146: TimeoutException"}, "steps": [{"name": "Ввод email: 'test_tckhw@yandex.ru'", "status": "passed", "parameters": [{"name": "email", "value": "'test_tckhw@yandex.ru'"}], "start": 1748096940717, "stop": 1748096940783}, {"name": "Ввод пароля", "status": "passed", "parameters": [{"name": "password", "value": "'LZfwPeqwyV'"}], "start": 1748096940783, "stop": 1748096940832}, {"name": "Нажатие на кнопку 'Войти'", "status": "passed", "start": 1748096940832, "stop": 1748096941118}, {"name": "Клик по кнопке 'Личный кабинет'", "status": "passed", "start": 1748096941118, "stop": 1748096941417}, {"name": "Клик по кнопке 'История заказов'", "status": "broken", "statusDetails": {"message": "selenium.common.exceptions.TimeoutException: Message: \nStacktrace:\n\tGetHandleVerifier [0x00007FF752DACF45+75717]\n\tGetHandleVerifier [0x00007FF752DACFA0+75808]\n\t(No symbol) [0x00007FF752B78F9A]\n\t(No symbol) [0x00007FF752BCF4C6]\n\t(No symbol) [0x00007FF752BCF77C]\n\t(No symbol) [0x00007FF752C22577]\n\t(No symbol) [0x00007FF752BF73BF]\n\t(No symbol) [0x00007FF752C1F39C]\n\t(No symbol) [0x00007FF752BF7153]\n\t(No symbol) [0x00007FF752BC0421]\n\t(No symbol) [0x00007FF752BC11B3]\n\tGetHandleVerifier [0x00007FF7530AD71D+3223453]\n\tGetHandleVerifier [0x00007FF7530A7CC2+3200322]\n\tGetHandleVerifier [0x00007FF7530C5AF3+3322739]\n\tGetHandleVerifier [0x00007FF752DC6A1A+180890]\n\tGetHandleVerifier [0x00007FF752DCE11F+211359]\n\tGetHandleVerifier [0x00007FF752DB5294+109332]\n\tGetHandleVerifier [0x00007FF752DB5442+109762]\n\tGetHandleVerifier [0x00007FF752D9BA59+4825]\n\tBaseThreadInitThunk [0x00007FFA26717374+20]\n\tRtlUserThreadStart [0x00007FFA278BCC91+33]\n\n", "trace": "  File \"C:\\Users\\slipk\\PycharmProjects\\Diplom_3\\venv\\Lib\\site-packages\\allure_commons\\_allure.py\", line 202, in impl\n    return func(*a, **kw)\n           ^^^^^^^^^^^^^^\n  File \"C:\\Users\\slipk\\PycharmProjects\\Diplom_3\\pages\\profile_page.py\", line 34, in go_to_order_history\n    self.click(ProfilePageLocators.ORDER_HISTORY_BUTTON)\n  File \"C:\\Users\\slipk\\PycharmProjects\\Diplom_3\\pages\\base_page.py\", line 24, in click\n    element = self.wait.until(\n              ^^^^^^^^^^^^^^^^\n  File \"C:\\Users\\slipk\\PycharmProjects\\Diplom_3\\venv\\Lib\\site-packages\\selenium\\webdriver\\support\\wait.py\", line 146, in until\n    raise TimeoutException(message, screen, stacktrace)\n"}, "start": 1748096941418, "stop": 1748096951530}], "start": 1748096940146, "stop": 1748096951531, "uuid": "288a0e7f-4aa1-4168-aa98-f0f77bbde757", "historyId": "64dd331b350b27103be248cd6e4fd5c5", "testCaseId": "64dd331b350b27103be248cd6e4fd5c5", "fullName": "tests.test_profile.TestProfile#test_go_to_order_history", "labels": [{"name": "story", "value": "Переход в раздел История заказов"}, {"name": "feature", "value": "Личный кабинет"}, {"name": "tag", "value": "@pytest.mark.usefixtures('driver')"}, {"name": "parentSuite", "value": "tests"}, {"name": "suite", "value": "test_profile"}, {"name": "subSuite", "value": "TestProfile"}, {"name": "host", "value": "DESKTOP-05J7DPF"}, {"name": "thread", "value": "28112-MainThread"}, {"name": "framework", "value": "pytest"}, {"name": "language", "value": "cpython3"}, {"name": "package", "value": "tests.test_profile"}]}