{"name": "test_ingredient_modal_open_close", "status": "broken", "statusDetails": {"message": "selenium.common.exceptions.TimeoutException: Message: \nStacktrace:\n\tGetHandleVerifier [0x00007FF64184CF65+75717]\n\tGetHandleVerifier [0x00007FF64184CFC0+75808]\n\t(No symbol) [0x00007FF641618F9A]\n\t(No symbol) [0x00007FF64166F4C6]\n\t(No symbol) [0x00007FF64166F77C]\n\t(No symbol) [0x00007FF6416C2577]\n\t(No symbol) [0x00007FF6416973BF]\n\t(No symbol) [0x00007FF6416BF39C]\n\t(No symbol) [0x00007FF641697153]\n\t(No symbol) [0x00007FF641660421]\n\t(No symbol) [0x00007FF6416611B3]\n\tGetHandleVerifier [0x00007FF641B4D74D+3223469]\n\tGetHandleVerifier [0x00007FF641B47CF2+3200338]\n\tGetHandleVerifier [0x00007FF641B65B23+3322755]\n\tGetHandleVerifier [0x00007FF641866A3A+180890]\n\tGetHandleVerifier [0x00007FF64186E13F+211359]\n\tGetHandleVerifier [0x00007FF6418552B4+109332]\n\tGetHandleVerifier [0x00007FF641855462+109762]\n\tGetHandleVerifier [0x00007FF64183BA79+4825]\n\tBaseThreadInitThunk [0x00007FF842557374+20]\n\tRtlUserThreadStart [0x00007FF842EBCC91+33]", "trace": "self = <tests.test_main_functionality.TestMainFunctionality object at 0x000001AB30DC7470>\ndriver = <selenium.webdriver.chrome.webdriver.WebDriver (session=\"de08dd31214a61f5ceac2b9c5a8639fd\")>\n\n    @allure.story(\"Клик по ингредиенту — открытие и закрытие модалки\")\n    def test_ingredient_modal_open_close(self, driver):\n        driver.get(main_url)\n        constructor = ConstructorPage(driver)\n>       constructor.click_ingredient()\n\ntests\\test_main_functionality.py:70: \n_ _ _ _ _ _ _ _ _ _ _ _ _ _ _ _ _ _ _ _ _ _ _ _ _ _ _ _ _ _ _ _ _ _ _ _ _ _ _ _ _ _ _ _ _ _ _ _ _ _ _ _ _ _ _\npages\\constructor_page.py:66: in click_ingredient\n    self.click(ConstructorPageLocators.INGREDIENT)\npages\\base_page.py:46: in click\n    element = self.wait_for_element(locator)\npages\\base_page.py:43: in wait_for_element\n    return self.wait.until(EC.visibility_of_element_located(locator))\n_ _ _ _ _ _ _ _ _ _ _ _ _ _ _ _ _ _ _ _ _ _ _ _ _ _ _ _ _ _ _ _ _ _ _ _ _ _ _ _ _ _ _ _ _ _ _ _ _ _ _ _ _ _ _\n\nself = <selenium.webdriver.support.wait.WebDriverWait (session=\"de08dd31214a61f5ceac2b9c5a8639fd\")>\nmethod = <function visibility_of_element_located.<locals>._predicate at 0x000001AB31061580>, message = ''\n\n    def until(self, method: Callable[[D], Union[Literal[False], T]], message: str = \"\") -> T:\n        \"\"\"Wait until the method returns a value that is not False.\n    \n        Calls the method provided with the driver as an argument until the\n        return value does not evaluate to ``False``.\n    \n        Parameters:\n        -----------\n        method: callable(WebDriver)\n            - A callable object that takes a WebDriver instance as an argument.\n    \n        message: str\n            - Optional message for :exc:`TimeoutException`\n    \n        Return:\n        -------\n        object: T\n            - The result of the last call to `method`\n    \n        Raises:\n        -------\n        TimeoutException\n            - If 'method' does not return a truthy value within the WebDriverWait\n            object's timeout\n    \n        Example:\n        --------\n        >>> from selenium.webdriver.common.by import By\n        >>> from selenium.webdriver.support.ui import WebDriverWait\n        >>> from selenium.webdriver.support import expected_conditions as EC\n    \n        # Wait until an element is visible on the page\n        >>> wait = WebDriverWait(driver, 10)\n        >>> element = wait.until(EC.visibility_of_element_located((By.ID, \"exampleId\")))\n        >>> print(element.text)\n        \"\"\"\n        screen = None\n        stacktrace = None\n    \n        end_time = time.monotonic() + self._timeout\n        while True:\n            try:\n                value = method(self._driver)\n                if value:\n                    return value\n            except self._ignored_exceptions as exc:\n                screen = getattr(exc, \"screen\", None)\n                stacktrace = getattr(exc, \"stacktrace\", None)\n            if time.monotonic() > end_time:\n                break\n            time.sleep(self._poll)\n>       raise TimeoutException(message, screen, stacktrace)\nE       selenium.common.exceptions.TimeoutException: Message: \nE       Stacktrace:\nE       \tGetHandleVerifier [0x00007FF64184CF65+75717]\nE       \tGetHandleVerifier [0x00007FF64184CFC0+75808]\nE       \t(No symbol) [0x00007FF641618F9A]\nE       \t(No symbol) [0x00007FF64166F4C6]\nE       \t(No symbol) [0x00007FF64166F77C]\nE       \t(No symbol) [0x00007FF6416C2577]\nE       \t(No symbol) [0x00007FF6416973BF]\nE       \t(No symbol) [0x00007FF6416BF39C]\nE       \t(No symbol) [0x00007FF641697153]\nE       \t(No symbol) [0x00007FF641660421]\nE       \t(No symbol) [0x00007FF6416611B3]\nE       \tGetHandleVerifier [0x00007FF641B4D74D+3223469]\nE       \tGetHandleVerifier [0x00007FF641B47CF2+3200338]\nE       \tGetHandleVerifier [0x00007FF641B65B23+3322755]\nE       \tGetHandleVerifier [0x00007FF641866A3A+180890]\nE       \tGetHandleVerifier [0x00007FF64186E13F+211359]\nE       \tGetHandleVerifier [0x00007FF6418552B4+109332]\nE       \tGetHandleVerifier [0x00007FF641855462+109762]\nE       \tGetHandleVerifier [0x00007FF64183BA79+4825]\nE       \tBaseThreadInitThunk [0x00007FF842557374+20]\nE       \tRtlUserThreadStart [0x00007FF842EBCC91+33]\n\nvenv\\Lib\\site-packages\\selenium\\webdriver\\support\\wait.py:146: TimeoutException"}, "steps": [{"name": "Клик по ингредиенту", "status": "broken", "statusDetails": {"message": "selenium.common.exceptions.TimeoutException: Message: \nStacktrace:\n\tGetHandleVerifier [0x00007FF64184CF65+75717]\n\tGetHandleVerifier [0x00007FF64184CFC0+75808]\n\t(No symbol) [0x00007FF641618F9A]\n\t(No symbol) [0x00007FF64166F4C6]\n\t(No symbol) [0x00007FF64166F77C]\n\t(No symbol) [0x00007FF6416C2577]\n\t(No symbol) [0x00007FF6416973BF]\n\t(No symbol) [0x00007FF6416BF39C]\n\t(No symbol) [0x00007FF641697153]\n\t(No symbol) [0x00007FF641660421]\n\t(No symbol) [0x00007FF6416611B3]\n\tGetHandleVerifier [0x00007FF641B4D74D+3223469]\n\tGetHandleVerifier [0x00007FF641B47CF2+3200338]\n\tGetHandleVerifier [0x00007FF641B65B23+3322755]\n\tGetHandleVerifier [0x00007FF641866A3A+180890]\n\tGetHandleVerifier [0x00007FF64186E13F+211359]\n\tGetHandleVerifier [0x00007FF6418552B4+109332]\n\tGetHandleVerifier [0x00007FF641855462+109762]\n\tGetHandleVerifier [0x00007FF64183BA79+4825]\n\tBaseThreadInitThunk [0x00007FF842557374+20]\n\tRtlUserThreadStart [0x00007FF842EBCC91+33]\n\n", "trace": "  File \"C:\\Users\\slipk\\PycharmProjects\\Diplom_3\\venv\\Lib\\site-packages\\allure_commons\\_allure.py\", line 202, in impl\n    return func(*a, **kw)\n           ^^^^^^^^^^^^^^\n  File \"C:\\Users\\slipk\\PycharmProjects\\Diplom_3\\pages\\constructor_page.py\", line 66, in click_ingredient\n    self.click(ConstructorPageLocators.INGREDIENT)\n  File \"C:\\Users\\slipk\\PycharmProjects\\Diplom_3\\pages\\base_page.py\", line 46, in click\n    element = self.wait_for_element(locator)\n              ^^^^^^^^^^^^^^^^^^^^^^^^^^^^^^\n  File \"C:\\Users\\slipk\\PycharmProjects\\Diplom_3\\pages\\base_page.py\", line 43, in wait_for_element\n    return self.wait.until(EC.visibility_of_element_located(locator))\n           ^^^^^^^^^^^^^^^^^^^^^^^^^^^^^^^^^^^^^^^^^^^^^^^^^^^^^^^^^^\n  File \"C:\\Users\\slipk\\PycharmProjects\\Diplom_3\\venv\\Lib\\site-packages\\selenium\\webdriver\\support\\wait.py\", line 146, in until\n    raise TimeoutException(message, screen, stacktrace)\n"}, "start": 1747499262858, "stop": 1747499272962}], "start": 1747499262532, "stop": 1747499272973, "uuid": "9bb7c75d-c85d-4ef2-95e3-e502318600c4", "historyId": "c3d2be7308e702367e6fb9c3cd6e2017", "testCaseId": "c3d2be7308e702367e6fb9c3cd6e2017", "fullName": "tests.test_main_functionality.TestMainFunctionality#test_ingredient_modal_open_close", "labels": [{"name": "feature", "value": "Основной функционал"}, {"name": "story", "value": "Клик по ингредиенту — открытие и закрытие модалки"}, {"name": "tag", "value": "@pytest.mark.usefixtures('driver')"}, {"name": "parentSuite", "value": "tests"}, {"name": "suite", "value": "test_main_functionality"}, {"name": "subSuite", "value": "TestMainFunctionality"}, {"name": "host", "value": "DESKTOP-05J7DPF"}, {"name": "thread", "value": "32384-MainThread"}, {"name": "framework", "value": "pytest"}, {"name": "language", "value": "cpython3"}, {"name": "package", "value": "tests.test_main_functionality"}]}