{"name": "test_order_detail_modal", "status": "broken", "statusDetails": {"message": "selenium.common.exceptions.TimeoutException: Message: \nStacktrace:\nRemoteError@chrome://remote/content/shared/RemoteError.sys.mjs:8:8\nWebDriverError@chrome://remote/content/shared/webdriver/Errors.sys.mjs:199:5\nNoSuchElementError@chrome://remote/content/shared/webdriver/Errors.sys.mjs:552:5\ndom.find/</<@chrome://remote/content/shared/DOM.sys.mjs:136:16", "trace": "self = <tests.test_orders_feed.TestOrdersFeed object at 0x000002BCC05F9310>\ndriver = <selenium.webdriver.firefox.webdriver.WebDriver (session=\"477595f4-f491-40cf-a57c-f3269a4295c5\")>\n\n    @allure.story(\"Открытие модального окна заказа\")\n    def test_order_detail_modal(self, driver):\n        driver.get(login_url)\n        login = LoginPage(driver)\n        login.login_user(\"pavel18899prac@ya.ru\", \"Hgr06m_434yf\")\n        profile = ProfilePage(driver)\n        profile.go_to_profile()\n>       profile.wait_for_element(ProfilePageLocators.PROFILE_LOC)\n\ntests\\test_orders_feed.py:22: \n_ _ _ _ _ _ _ _ _ _ _ _ _ _ _ _ _ _ _ _ _ _ _ _ _ _ _ _ _ _ _ _ _ _ _ _ _ _ _ _ _ _ _ _ _ _ _ _ _ _ _ _ _ _ _ _ _ _ _ _ _ _ _ _ _ _ _\npages\\base_page.py:46: in wait_for_element\n    return self.wait.until(EC.visibility_of_element_located(locator))\n_ _ _ _ _ _ _ _ _ _ _ _ _ _ _ _ _ _ _ _ _ _ _ _ _ _ _ _ _ _ _ _ _ _ _ _ _ _ _ _ _ _ _ _ _ _ _ _ _ _ _ _ _ _ _ _ _ _ _ _ _ _ _ _ _ _ _\n\nself = <selenium.webdriver.support.wait.WebDriverWait (session=\"477595f4-f491-40cf-a57c-f3269a4295c5\")>\nmethod = <function visibility_of_element_located.<locals>._predicate at 0x000002BCC0655A80>, message = ''\n\n    def until(self, method: Callable[[D], Union[Literal[False], T]], message: str = \"\") -> T:\n        \"\"\"Wait until the method returns a value that is not False.\n    \n        Calls the method provided with the driver as an argument until the\n        return value does not evaluate to ``False``.\n    \n        Parameters:\n        -----------\n        method: callable(WebDriver)\n            - A callable object that takes a WebDriver instance as an argument.\n    \n        message: str\n            - Optional message for :exc:`TimeoutException`\n    \n        Return:\n        -------\n        object: T\n            - The result of the last call to `method`\n    \n        Raises:\n        -------\n        TimeoutException\n            - If 'method' does not return a truthy value within the WebDriverWait\n            object's timeout\n    \n        Example:\n        --------\n        >>> from selenium.webdriver.common.by import By\n        >>> from selenium.webdriver.support.ui import WebDriverWait\n        >>> from selenium.webdriver.support import expected_conditions as EC\n    \n        # Wait until an element is visible on the page\n        >>> wait = WebDriverWait(driver, 10)\n        >>> element = wait.until(EC.visibility_of_element_located((By.ID, \"exampleId\")))\n        >>> print(element.text)\n        \"\"\"\n        screen = None\n        stacktrace = None\n    \n        end_time = time.monotonic() + self._timeout\n        while True:\n            try:\n                value = method(self._driver)\n                if value:\n                    return value\n            except self._ignored_exceptions as exc:\n                screen = getattr(exc, \"screen\", None)\n                stacktrace = getattr(exc, \"stacktrace\", None)\n            if time.monotonic() > end_time:\n                break\n            time.sleep(self._poll)\n>       raise TimeoutException(message, screen, stacktrace)\nE       selenium.common.exceptions.TimeoutException: Message: \nE       Stacktrace:\nE       RemoteError@chrome://remote/content/shared/RemoteError.sys.mjs:8:8\nE       WebDriverError@chrome://remote/content/shared/webdriver/Errors.sys.mjs:199:5\nE       NoSuchElementError@chrome://remote/content/shared/webdriver/Errors.sys.mjs:552:5\nE       dom.find/</<@chrome://remote/content/shared/DOM.sys.mjs:136:16\n\nvenv\\Lib\\site-packages\\selenium\\webdriver\\support\\wait.py:146: TimeoutException"}, "steps": [{"name": "Ввод email: 'pavel18899prac@ya.ru'", "status": "passed", "parameters": [{"name": "email", "value": "'pavel18899prac@ya.ru'"}], "start": 1748096100515, "stop": 1748096100568}, {"name": "Ввод пароля", "status": "passed", "parameters": [{"name": "password", "value": "'Hgr06m_434yf'"}], "start": 1748096100569, "stop": 1748096100586}, {"name": "Нажатие на кнопку 'Войти'", "status": "passed", "start": 1748096100586, "stop": 1748096100871}, {"name": "Клик по кнопке 'Личный кабинет'", "status": "passed", "start": 1748096100871, "stop": 1748096101150}], "start": 1748096099904, "stop": 1748096111201, "uuid": "eb879082-52cc-4bcf-9987-8401bd6dcb54", "historyId": "a6b48dbe86ca37a544f11e55fefaf9df", "testCaseId": "a6b48dbe86ca37a544f11e55fefaf9df", "fullName": "tests.test_orders_feed.TestOrdersFeed#test_order_detail_modal", "labels": [{"name": "story", "value": "Открытие модального окна заказа"}, {"name": "feature", "value": "Лента заказов"}, {"name": "tag", "value": "@pytest.mark.usefixtures('driver')"}, {"name": "parentSuite", "value": "tests"}, {"name": "suite", "value": "test_orders_feed"}, {"name": "subSuite", "value": "TestOrdersFeed"}, {"name": "host", "value": "DESKTOP-05J7DPF"}, {"name": "thread", "value": "23876-MainThread"}, {"name": "framework", "value": "pytest"}, {"name": "language", "value": "cpython3"}, {"name": "package", "value": "tests.test_orders_feed"}]}