{"name": "test_order_counters", "status": "broken", "statusDetails": {"message": "selenium.common.exceptions.TimeoutException: Message: \nStacktrace:\n\tGetHandleVerifier [0x00007FF752DACF45+75717]\n\tGetHandleVerifier [0x00007FF752DACFA0+75808]\n\t(No symbol) [0x00007FF752B78F9A]\n\t(No symbol) [0x00007FF752BCF4C6]\n\t(No symbol) [0x00007FF752BCF77C]\n\t(No symbol) [0x00007FF752C22577]\n\t(No symbol) [0x00007FF752BF73BF]\n\t(No symbol) [0x00007FF752C1F39C]\n\t(No symbol) [0x00007FF752BF7153]\n\t(No symbol) [0x00007FF752BC0421]\n\t(No symbol) [0x00007FF752BC11B3]\n\tGetHandleVerifier [0x00007FF7530AD71D+3223453]\n\tGetHandleVerifier [0x00007FF7530A7CC2+3200322]\n\tGetHandleVerifier [0x00007FF7530C5AF3+3322739]\n\tGetHandleVerifier [0x00007FF752DC6A1A+180890]\n\tGetHandleVerifier [0x00007FF752DCE11F+211359]\n\tGetHandleVerifier [0x00007FF752DB5294+109332]\n\tGetHandleVerifier [0x00007FF752DB5442+109762]\n\tGetHandleVerifier [0x00007FF752D9BA59+4825]\n\tBaseThreadInitThunk [0x00007FFA26717374+20]\n\tRtlUserThreadStart [0x00007FFA278BCC91+33]", "trace": "self = <tests.test_orders_feed.TestOrdersFeed object at 0x000002AA918A53A0>\ndriver = <selenium.webdriver.chrome.webdriver.WebDriver (session=\"ef6d9956fdb6214aac5475a67b88f00f\")>\n\n    @allure.story(\"Проверка счётчиков заказов\")\n    def test_order_counters(self, driver):\n        driver.get(feed_url)\n        feed = OrdersFeedPage(driver)\n>       total = feed.get_total_orders_count()\n\ntests\\test_orders_feed.py:60: \n_ _ _ _ _ _ _ _ _ _ _ _ _ _ _ _ _ _ _ _ _ _ _ _ _ _ _ _ _ _ _ _ _ _ _ _ _ _ _ _ _ _ _ _ _ _ _ _ _ _ _ _ _ _ _ _ _ _ _ _ _ _ _ _ _ _ _ _\npages\\orders_feed_page.py:53: in get_total_orders_count\n    return self.get_text(OrdersFeedPageLocators.TOTAL_ORDERS_COUNTER)\npages\\base_page.py:58: in get_text\n    return self.wait_for_element(locator).text\npages\\base_page.py:43: in wait_for_element\n    return self.wait.until(EC.visibility_of_element_located(locator))\n_ _ _ _ _ _ _ _ _ _ _ _ _ _ _ _ _ _ _ _ _ _ _ _ _ _ _ _ _ _ _ _ _ _ _ _ _ _ _ _ _ _ _ _ _ _ _ _ _ _ _ _ _ _ _ _ _ _ _ _ _ _ _ _ _ _ _ _\n\nself = <selenium.webdriver.support.wait.WebDriverWait (session=\"ef6d9956fdb6214aac5475a67b88f00f\")>\nmethod = <function visibility_of_element_located.<locals>._predicate at 0x000002AA918EFBA0>, message = ''\n\n    def until(self, method: Callable[[D], Union[Literal[False], T]], message: str = \"\") -> T:\n        \"\"\"Wait until the method returns a value that is not False.\n    \n        Calls the method provided with the driver as an argument until the\n        return value does not evaluate to ``False``.\n    \n        Parameters:\n        -----------\n        method: callable(WebDriver)\n            - A callable object that takes a WebDriver instance as an argument.\n    \n        message: str\n            - Optional message for :exc:`TimeoutException`\n    \n        Return:\n        -------\n        object: T\n            - The result of the last call to `method`\n    \n        Raises:\n        -------\n        TimeoutException\n            - If 'method' does not return a truthy value within the WebDriverWait\n            object's timeout\n    \n        Example:\n        --------\n        >>> from selenium.webdriver.common.by import By\n        >>> from selenium.webdriver.support.ui import WebDriverWait\n        >>> from selenium.webdriver.support import expected_conditions as EC\n    \n        # Wait until an element is visible on the page\n        >>> wait = WebDriverWait(driver, 10)\n        >>> element = wait.until(EC.visibility_of_element_located((By.ID, \"exampleId\")))\n        >>> print(element.text)\n        \"\"\"\n        screen = None\n        stacktrace = None\n    \n        end_time = time.monotonic() + self._timeout\n        while True:\n            try:\n                value = method(self._driver)\n                if value:\n                    return value\n            except self._ignored_exceptions as exc:\n                screen = getattr(exc, \"screen\", None)\n                stacktrace = getattr(exc, \"stacktrace\", None)\n            if time.monotonic() > end_time:\n                break\n            time.sleep(self._poll)\n>       raise TimeoutException(message, screen, stacktrace)\nE       selenium.common.exceptions.TimeoutException: Message: \nE       Stacktrace:\nE       \tGetHandleVerifier [0x00007FF752DACF45+75717]\nE       \tGetHandleVerifier [0x00007FF752DACFA0+75808]\nE       \t(No symbol) [0x00007FF752B78F9A]\nE       \t(No symbol) [0x00007FF752BCF4C6]\nE       \t(No symbol) [0x00007FF752BCF77C]\nE       \t(No symbol) [0x00007FF752C22577]\nE       \t(No symbol) [0x00007FF752BF73BF]\nE       \t(No symbol) [0x00007FF752C1F39C]\nE       \t(No symbol) [0x00007FF752BF7153]\nE       \t(No symbol) [0x00007FF752BC0421]\nE       \t(No symbol) [0x00007FF752BC11B3]\nE       \tGetHandleVerifier [0x00007FF7530AD71D+3223453]\nE       \tGetHandleVerifier [0x00007FF7530A7CC2+3200322]\nE       \tGetHandleVerifier [0x00007FF7530C5AF3+3322739]\nE       \tGetHandleVerifier [0x00007FF752DC6A1A+180890]\nE       \tGetHandleVerifier [0x00007FF752DCE11F+211359]\nE       \tGetHandleVerifier [0x00007FF752DB5294+109332]\nE       \tGetHandleVerifier [0x00007FF752DB5442+109762]\nE       \tGetHandleVerifier [0x00007FF752D9BA59+4825]\nE       \tBaseThreadInitThunk [0x00007FFA26717374+20]\nE       \tRtlUserThreadStart [0x00007FFA278BCC91+33]\n\nvenv\\Lib\\site-packages\\selenium\\webdriver\\support\\wait.py:146: TimeoutException"}, "steps": [{"name": "Получение общего количества заказов", "status": "broken", "statusDetails": {"message": "selenium.common.exceptions.TimeoutException: Message: \nStacktrace:\n\tGetHandleVerifier [0x00007FF752DACF45+75717]\n\tGetHandleVerifier [0x00007FF752DACFA0+75808]\n\t(No symbol) [0x00007FF752B78F9A]\n\t(No symbol) [0x00007FF752BCF4C6]\n\t(No symbol) [0x00007FF752BCF77C]\n\t(No symbol) [0x00007FF752C22577]\n\t(No symbol) [0x00007FF752BF73BF]\n\t(No symbol) [0x00007FF752C1F39C]\n\t(No symbol) [0x00007FF752BF7153]\n\t(No symbol) [0x00007FF752BC0421]\n\t(No symbol) [0x00007FF752BC11B3]\n\tGetHandleVerifier [0x00007FF7530AD71D+3223453]\n\tGetHandleVerifier [0x00007FF7530A7CC2+3200322]\n\tGetHandleVerifier [0x00007FF7530C5AF3+3322739]\n\tGetHandleVerifier [0x00007FF752DC6A1A+180890]\n\tGetHandleVerifier [0x00007FF752DCE11F+211359]\n\tGetHandleVerifier [0x00007FF752DB5294+109332]\n\tGetHandleVerifier [0x00007FF752DB5442+109762]\n\tGetHandleVerifier [0x00007FF752D9BA59+4825]\n\tBaseThreadInitThunk [0x00007FFA26717374+20]\n\tRtlUserThreadStart [0x00007FFA278BCC91+33]\n\n", "trace": "  File \"C:\\Users\\slipk\\PycharmProjects\\Diplom_3\\venv\\Lib\\site-packages\\allure_commons\\_allure.py\", line 202, in impl\n    return func(*a, **kw)\n           ^^^^^^^^^^^^^^\n  File \"C:\\Users\\slipk\\PycharmProjects\\Diplom_3\\pages\\orders_feed_page.py\", line 53, in get_total_orders_count\n    return self.get_text(OrdersFeedPageLocators.TOTAL_ORDERS_COUNTER)\n           ^^^^^^^^^^^^^^^^^^^^^^^^^^^^^^^^^^^^^^^^^^^^^^^^^^^^^^^^^^\n  File \"C:\\Users\\slipk\\PycharmProjects\\Diplom_3\\pages\\base_page.py\", line 58, in get_text\n    return self.wait_for_element(locator).text\n           ^^^^^^^^^^^^^^^^^^^^^^^^^^^^^^\n  File \"C:\\Users\\slipk\\PycharmProjects\\Diplom_3\\pages\\base_page.py\", line 43, in wait_for_element\n    return self.wait.until(EC.visibility_of_element_located(locator))\n           ^^^^^^^^^^^^^^^^^^^^^^^^^^^^^^^^^^^^^^^^^^^^^^^^^^^^^^^^^^\n  File \"C:\\Users\\slipk\\PycharmProjects\\Diplom_3\\venv\\Lib\\site-packages\\selenium\\webdriver\\support\\wait.py\", line 146, in until\n    raise TimeoutException(message, screen, stacktrace)\n"}, "start": 1748085057881, "stop": 1748085067991}], "start": 1748085057536, "stop": 1748085067992, "uuid": "2cda12ff-88e4-4301-8604-c565684efea3", "historyId": "7ee17e338e716dfe2c3a6db42f1e2c6f", "testCaseId": "7ee17e338e716dfe2c3a6db42f1e2c6f", "fullName": "tests.test_orders_feed.TestOrdersFeed#test_order_counters", "labels": [{"name": "story", "value": "Проверка счётчиков заказов"}, {"name": "feature", "value": "Лента заказов"}, {"name": "tag", "value": "@pytest.mark.usefixtures('driver')"}, {"name": "parentSuite", "value": "tests"}, {"name": "suite", "value": "test_orders_feed"}, {"name": "subSuite", "value": "TestOrdersFeed"}, {"name": "host", "value": "DESKTOP-05J7DPF"}, {"name": "thread", "value": "25792-MainThread"}, {"name": "framework", "value": "pytest"}, {"name": "language", "value": "cpython3"}, {"name": "package", "value": "tests.test_orders_feed"}]}