{"name": "test_order_detail_modal", "status": "broken", "statusDetails": {"message": "selenium.common.exceptions.TimeoutException: Message: \nStacktrace:\n\tGetHandleVerifier [0x00007FF752DACF45+75717]\n\tGetHandleVerifier [0x00007FF752DACFA0+75808]\n\t(No symbol) [0x00007FF752B78F9A]\n\t(No symbol) [0x00007FF752BCF4C6]\n\t(No symbol) [0x00007FF752BCF77C]\n\t(No symbol) [0x00007FF752C22577]\n\t(No symbol) [0x00007FF752BF73BF]\n\t(No symbol) [0x00007FF752C1F39C]\n\t(No symbol) [0x00007FF752BF7153]\n\t(No symbol) [0x00007FF752BC0421]\n\t(No symbol) [0x00007FF752BC11B3]\n\tGetHandleVerifier [0x00007FF7530AD71D+3223453]\n\tGetHandleVerifier [0x00007FF7530A7CC2+3200322]\n\tGetHandleVerifier [0x00007FF7530C5AF3+3322739]\n\tGetHandleVerifier [0x00007FF752DC6A1A+180890]\n\tGetHandleVerifier [0x00007FF752DCE11F+211359]\n\tGetHandleVerifier [0x00007FF752DB5294+109332]\n\tGetHandleVerifier [0x00007FF752DB5442+109762]\n\tGetHandleVerifier [0x00007FF752D9BA59+4825]\n\tBaseThreadInitThunk [0x00007FFA26717374+20]\n\tRtlUserThreadStart [0x00007FFA278BCC91+33]", "trace": "self = <tests.test_orders_feed.TestOrdersFeed object at 0x000002AA9183A390>\ndriver = <selenium.webdriver.chrome.webdriver.WebDriver (session=\"b8a8e52ab84baf2e48c8b9ad33b4f047\")>\n\n    @allure.story(\"Открытие модального окна заказа\")\n    def test_order_detail_modal(self, driver):\n        driver.get(login_url)\n        login = LoginPage(driver)\n        #driver.get(feed_url)\n        login.login_user(\"pavel18899prac@ya.ru\", \"Hgr06m_434yf\")\n        profile = ProfilePage(driver)\n        profile.go_to_profile()\n        profile.wait_for_element(ProfilePageLocators.PROFILE_LOC)\n        feed = OrdersFeedPage(driver)\n>       feed.open_order_detail()\n\ntests\\test_orders_feed.py:50: \n_ _ _ _ _ _ _ _ _ _ _ _ _ _ _ _ _ _ _ _ _ _ _ _ _ _ _ _ _ _ _ _ _ _ _ _ _ _ _ _ _ _ _ _ _ _ _ _ _ _ _ _ _ _ _ _ _ _ _ _ _ _ _ _ _ _ _ _\npages\\orders_feed_page.py:45: in open_order_detail\n    self.click(OrdersFeedPageLocators.ORDER_ITEM)\npages\\base_page.py:46: in click\n    element = self.wait_for_element(locator)\npages\\base_page.py:43: in wait_for_element\n    return self.wait.until(EC.visibility_of_element_located(locator))\n_ _ _ _ _ _ _ _ _ _ _ _ _ _ _ _ _ _ _ _ _ _ _ _ _ _ _ _ _ _ _ _ _ _ _ _ _ _ _ _ _ _ _ _ _ _ _ _ _ _ _ _ _ _ _ _ _ _ _ _ _ _ _ _ _ _ _ _\n\nself = <selenium.webdriver.support.wait.WebDriverWait (session=\"b8a8e52ab84baf2e48c8b9ad33b4f047\")>\nmethod = <function visibility_of_element_located.<locals>._predicate at 0x000002AA918A3060>, message = ''\n\n    def until(self, method: Callable[[D], Union[Literal[False], T]], message: str = \"\") -> T:\n        \"\"\"Wait until the method returns a value that is not False.\n    \n        Calls the method provided with the driver as an argument until the\n        return value does not evaluate to ``False``.\n    \n        Parameters:\n        -----------\n        method: callable(WebDriver)\n            - A callable object that takes a WebDriver instance as an argument.\n    \n        message: str\n            - Optional message for :exc:`TimeoutException`\n    \n        Return:\n        -------\n        object: T\n            - The result of the last call to `method`\n    \n        Raises:\n        -------\n        TimeoutException\n            - If 'method' does not return a truthy value within the WebDriverWait\n            object's timeout\n    \n        Example:\n        --------\n        >>> from selenium.webdriver.common.by import By\n        >>> from selenium.webdriver.support.ui import WebDriverWait\n        >>> from selenium.webdriver.support import expected_conditions as EC\n    \n        # Wait until an element is visible on the page\n        >>> wait = WebDriverWait(driver, 10)\n        >>> element = wait.until(EC.visibility_of_element_located((By.ID, \"exampleId\")))\n        >>> print(element.text)\n        \"\"\"\n        screen = None\n        stacktrace = None\n    \n        end_time = time.monotonic() + self._timeout\n        while True:\n            try:\n                value = method(self._driver)\n                if value:\n                    return value\n            except self._ignored_exceptions as exc:\n                screen = getattr(exc, \"screen\", None)\n                stacktrace = getattr(exc, \"stacktrace\", None)\n            if time.monotonic() > end_time:\n                break\n            time.sleep(self._poll)\n>       raise TimeoutException(message, screen, stacktrace)\nE       selenium.common.exceptions.TimeoutException: Message: \nE       Stacktrace:\nE       \tGetHandleVerifier [0x00007FF752DACF45+75717]\nE       \tGetHandleVerifier [0x00007FF752DACFA0+75808]\nE       \t(No symbol) [0x00007FF752B78F9A]\nE       \t(No symbol) [0x00007FF752BCF4C6]\nE       \t(No symbol) [0x00007FF752BCF77C]\nE       \t(No symbol) [0x00007FF752C22577]\nE       \t(No symbol) [0x00007FF752BF73BF]\nE       \t(No symbol) [0x00007FF752C1F39C]\nE       \t(No symbol) [0x00007FF752BF7153]\nE       \t(No symbol) [0x00007FF752BC0421]\nE       \t(No symbol) [0x00007FF752BC11B3]\nE       \tGetHandleVerifier [0x00007FF7530AD71D+3223453]\nE       \tGetHandleVerifier [0x00007FF7530A7CC2+3200322]\nE       \tGetHandleVerifier [0x00007FF7530C5AF3+3322739]\nE       \tGetHandleVerifier [0x00007FF752DC6A1A+180890]\nE       \tGetHandleVerifier [0x00007FF752DCE11F+211359]\nE       \tGetHandleVerifier [0x00007FF752DB5294+109332]\nE       \tGetHandleVerifier [0x00007FF752DB5442+109762]\nE       \tGetHandleVerifier [0x00007FF752D9BA59+4825]\nE       \tBaseThreadInitThunk [0x00007FFA26717374+20]\nE       \tRtlUserThreadStart [0x00007FFA278BCC91+33]\n\nvenv\\Lib\\site-packages\\selenium\\webdriver\\support\\wait.py:146: TimeoutException"}, "steps": [{"name": "Ввод email: 'pavel18899prac@ya.ru'", "status": "passed", "parameters": [{"name": "email", "value": "'pavel18899prac@ya.ru'"}], "start": 1748085040610, "stop": 1748085040673}, {"name": "Ввод пароля", "status": "passed", "parameters": [{"name": "password", "value": "'Hgr06m_434yf'"}], "start": 1748085040673, "stop": 1748085040718}, {"name": "Нажатие на кнопку 'Войти'", "status": "passed", "start": 1748085040718, "stop": 1748085040755}, {"name": "Клик по кнопке 'Личный кабинет'", "status": "passed", "start": 1748085040755, "stop": 1748085041177}, {"name": "Открытие деталей заказа", "status": "broken", "statusDetails": {"message": "selenium.common.exceptions.TimeoutException: Message: \nStacktrace:\n\tGetHandleVerifier [0x00007FF752DACF45+75717]\n\tGetHandleVerifier [0x00007FF752DACFA0+75808]\n\t(No symbol) [0x00007FF752B78F9A]\n\t(No symbol) [0x00007FF752BCF4C6]\n\t(No symbol) [0x00007FF752BCF77C]\n\t(No symbol) [0x00007FF752C22577]\n\t(No symbol) [0x00007FF752BF73BF]\n\t(No symbol) [0x00007FF752C1F39C]\n\t(No symbol) [0x00007FF752BF7153]\n\t(No symbol) [0x00007FF752BC0421]\n\t(No symbol) [0x00007FF752BC11B3]\n\tGetHandleVerifier [0x00007FF7530AD71D+3223453]\n\tGetHandleVerifier [0x00007FF7530A7CC2+3200322]\n\tGetHandleVerifier [0x00007FF7530C5AF3+3322739]\n\tGetHandleVerifier [0x00007FF752DC6A1A+180890]\n\tGetHandleVerifier [0x00007FF752DCE11F+211359]\n\tGetHandleVerifier [0x00007FF752DB5294+109332]\n\tGetHandleVerifier [0x00007FF752DB5442+109762]\n\tGetHandleVerifier [0x00007FF752D9BA59+4825]\n\tBaseThreadInitThunk [0x00007FFA26717374+20]\n\tRtlUserThreadStart [0x00007FFA278BCC91+33]\n\n", "trace": "  File \"C:\\Users\\slipk\\PycharmProjects\\Diplom_3\\venv\\Lib\\site-packages\\allure_commons\\_allure.py\", line 202, in impl\n    return func(*a, **kw)\n           ^^^^^^^^^^^^^^\n  File \"C:\\Users\\slipk\\PycharmProjects\\Diplom_3\\pages\\orders_feed_page.py\", line 45, in open_order_detail\n    self.click(OrdersFeedPageLocators.ORDER_ITEM)\n  File \"C:\\Users\\slipk\\PycharmProjects\\Diplom_3\\pages\\base_page.py\", line 46, in click\n    element = self.wait_for_element(locator)\n              ^^^^^^^^^^^^^^^^^^^^^^^^^^^^^^\n  File \"C:\\Users\\slipk\\PycharmProjects\\Diplom_3\\pages\\base_page.py\", line 43, in wait_for_element\n    return self.wait.until(EC.visibility_of_element_located(locator))\n           ^^^^^^^^^^^^^^^^^^^^^^^^^^^^^^^^^^^^^^^^^^^^^^^^^^^^^^^^^^\n  File \"C:\\Users\\slipk\\PycharmProjects\\Diplom_3\\venv\\Lib\\site-packages\\selenium\\webdriver\\support\\wait.py\", line 146, in until\n    raise TimeoutException(message, screen, stacktrace)\n"}, "start": 1748085041693, "stop": 1748085051793}], "start": 1748085040043, "stop": 1748085051794, "uuid": "87798276-687a-4ae2-807c-888609a51b95", "historyId": "a6b48dbe86ca37a544f11e55fefaf9df", "testCaseId": "a6b48dbe86ca37a544f11e55fefaf9df", "fullName": "tests.test_orders_feed.TestOrdersFeed#test_order_detail_modal", "labels": [{"name": "story", "value": "Открытие модального окна заказа"}, {"name": "feature", "value": "Лента заказов"}, {"name": "tag", "value": "@pytest.mark.usefixtures('driver')"}, {"name": "parentSuite", "value": "tests"}, {"name": "suite", "value": "test_orders_feed"}, {"name": "subSuite", "value": "TestOrdersFeed"}, {"name": "host", "value": "DESKTOP-05J7DPF"}, {"name": "thread", "value": "25792-MainThread"}, {"name": "framework", "value": "pytest"}, {"name": "language", "value": "cpython3"}, {"name": "package", "value": "tests.test_orders_feed"}]}