{"name": "test_go_to_order_history", "status": "broken", "statusDetails": {"message": "selenium.common.exceptions.TimeoutException: Message: \nStacktrace:\n\tGetHandleVerifier [0x00007FF752DACF45+75717]\n\tGetHandleVerifier [0x00007FF752DACFA0+75808]\n\t(No symbol) [0x00007FF752B78F9A]\n\t(No symbol) [0x00007FF752BCF4C6]\n\t(No symbol) [0x00007FF752BCF77C]\n\t(No symbol) [0x00007FF752C22577]\n\t(No symbol) [0x00007FF752BF73BF]\n\t(No symbol) [0x00007FF752C1F39C]\n\t(No symbol) [0x00007FF752BF7153]\n\t(No symbol) [0x00007FF752BC0421]\n\t(No symbol) [0x00007FF752BC11B3]\n\tGetHandleVerifier [0x00007FF7530AD71D+3223453]\n\tGetHandleVerifier [0x00007FF7530A7CC2+3200322]\n\tGetHandleVerifier [0x00007FF7530C5AF3+3322739]\n\tGetHandleVerifier [0x00007FF752DC6A1A+180890]\n\tGetHandleVerifier [0x00007FF752DCE11F+211359]\n\tGetHandleVerifier [0x00007FF752DB5294+109332]\n\tGetHandleVerifier [0x00007FF752DB5442+109762]\n\tGetHandleVerifier [0x00007FF752D9BA59+4825]\n\tBaseThreadInitThunk [0x00007FFA26717374+20]\n\tRtlUserThreadStart [0x00007FFA278BCC91+33]", "trace": "self = <tests.test_profile.TestProfile object at 0x000001A17794B0B0>\ndriver = <selenium.webdriver.chrome.webdriver.WebDriver (session=\"a9a9ea20ee2228fa20a2d22264bc07c3\")>\ncreate_and_login_user = {'accessToken': 'Bearer eyJhbGciOiJIUzI1NiIsInR5cCI6IkpXVCJ9.eyJpZCI6IjY4MzIxNmVjOWVkMjgwMDAxYjVmOWU1NyIsImlhdCI6MTc0O...R3oEL4wWLr5sBfBww0XRqDMxK7DIDSG3pGXMKk', 'email': 'test_djmsd@yandex.ru', 'name': 'JblLyzSn', 'password': '2acL5aDNcY'}\n\n    @allure.story(\"Переход в раздел История заказов\")\n    def test_go_to_order_history(self, driver, create_and_login_user):\n        driver.get(login_url)\n        login = LoginPage(driver)\n        login.login_user(create_and_login_user[\"email\"], create_and_login_user[\"password\"])\n        profile = ProfilePage(driver)\n>       profile.go_to_profile()\n\ntests\\test_profile.py:30: \n_ _ _ _ _ _ _ _ _ _ _ _ _ _ _ _ _ _ _ _ _ _ _ _ _ _ _ _ _ _ _ _ _ _ _ _ _ _ _ _ _ _ _ _ _ _ _ _ _ _ _ _ _ _ _ _ _ _ _ _ _ _ _ _ _ _ _ _ _ _ \npages\\profile_page.py:15: in go_to_profile\n    self.wait_for_element(ProfilePageLocators.PROFILE_LOC) # новое\npages\\base_page.py:16: in wait_for_element\n    return self.wait.until(EC.visibility_of_element_located(locator))\n_ _ _ _ _ _ _ _ _ _ _ _ _ _ _ _ _ _ _ _ _ _ _ _ _ _ _ _ _ _ _ _ _ _ _ _ _ _ _ _ _ _ _ _ _ _ _ _ _ _ _ _ _ _ _ _ _ _ _ _ _ _ _ _ _ _ _ _ _ _ \n\nself = <selenium.webdriver.support.wait.WebDriverWait (session=\"a9a9ea20ee2228fa20a2d22264bc07c3\")>\nmethod = <function visibility_of_element_located.<locals>._predicate at 0x000001A1779AB2E0>, message = ''\n\n    def until(self, method: Callable[[D], Union[Literal[False], T]], message: str = \"\") -> T:\n        \"\"\"Wait until the method returns a value that is not False.\n    \n        Calls the method provided with the driver as an argument until the\n        return value does not evaluate to ``False``.\n    \n        Parameters:\n        -----------\n        method: callable(WebDriver)\n            - A callable object that takes a WebDriver instance as an argument.\n    \n        message: str\n            - Optional message for :exc:`TimeoutException`\n    \n        Return:\n        -------\n        object: T\n            - The result of the last call to `method`\n    \n        Raises:\n        -------\n        TimeoutException\n            - If 'method' does not return a truthy value within the WebDriverWait\n            object's timeout\n    \n        Example:\n        --------\n        >>> from selenium.webdriver.common.by import By\n        >>> from selenium.webdriver.support.ui import WebDriverWait\n        >>> from selenium.webdriver.support import expected_conditions as EC\n    \n        # Wait until an element is visible on the page\n        >>> wait = WebDriverWait(driver, 10)\n        >>> element = wait.until(EC.visibility_of_element_located((By.ID, \"exampleId\")))\n        >>> print(element.text)\n        \"\"\"\n        screen = None\n        stacktrace = None\n    \n        end_time = time.monotonic() + self._timeout\n        while True:\n            try:\n                value = method(self._driver)\n                if value:\n                    return value\n            except self._ignored_exceptions as exc:\n                screen = getattr(exc, \"screen\", None)\n                stacktrace = getattr(exc, \"stacktrace\", None)\n            if time.monotonic() > end_time:\n                break\n            time.sleep(self._poll)\n>       raise TimeoutException(message, screen, stacktrace)\nE       selenium.common.exceptions.TimeoutException: Message: \nE       Stacktrace:\nE       \tGetHandleVerifier [0x00007FF752DACF45+75717]\nE       \tGetHandleVerifier [0x00007FF752DACFA0+75808]\nE       \t(No symbol) [0x00007FF752B78F9A]\nE       \t(No symbol) [0x00007FF752BCF4C6]\nE       \t(No symbol) [0x00007FF752BCF77C]\nE       \t(No symbol) [0x00007FF752C22577]\nE       \t(No symbol) [0x00007FF752BF73BF]\nE       \t(No symbol) [0x00007FF752C1F39C]\nE       \t(No symbol) [0x00007FF752BF7153]\nE       \t(No symbol) [0x00007FF752BC0421]\nE       \t(No symbol) [0x00007FF752BC11B3]\nE       \tGetHandleVerifier [0x00007FF7530AD71D+3223453]\nE       \tGetHandleVerifier [0x00007FF7530A7CC2+3200322]\nE       \tGetHandleVerifier [0x00007FF7530C5AF3+3322739]\nE       \tGetHandleVerifier [0x00007FF752DC6A1A+180890]\nE       \tGetHandleVerifier [0x00007FF752DCE11F+211359]\nE       \tGetHandleVerifier [0x00007FF752DB5294+109332]\nE       \tGetHandleVerifier [0x00007FF752DB5442+109762]\nE       \tGetHandleVerifier [0x00007FF752D9BA59+4825]\nE       \tBaseThreadInitThunk [0x00007FFA26717374+20]\nE       \tRtlUserThreadStart [0x00007FFA278BCC91+33]\n\nvenv\\Lib\\site-packages\\selenium\\webdriver\\support\\wait.py:146: TimeoutException"}, "steps": [{"name": "Ввод email: 'test_djmsd@yandex.ru'", "status": "passed", "parameters": [{"name": "email", "value": "'test_djmsd@yandex.ru'"}], "start": 1748113132824, "stop": 1748113132889}, {"name": "Ввод пароля", "status": "passed", "parameters": [{"name": "password", "value": "'2acL5aDNcY'"}], "start": 1748113132889, "stop": 1748113132938}, {"name": "Нажатие на кнопку 'Войти'", "status": "passed", "start": 1748113132938, "stop": 1748113133234}, {"name": "Клик по кнопке 'Личный кабинет'", "status": "broken", "statusDetails": {"message": "selenium.common.exceptions.TimeoutException: Message: \nStacktrace:\n\tGetHandleVerifier [0x00007FF752DACF45+75717]\n\tGetHandleVerifier [0x00007FF752DACFA0+75808]\n\t(No symbol) [0x00007FF752B78F9A]\n\t(No symbol) [0x00007FF752BCF4C6]\n\t(No symbol) [0x00007FF752BCF77C]\n\t(No symbol) [0x00007FF752C22577]\n\t(No symbol) [0x00007FF752BF73BF]\n\t(No symbol) [0x00007FF752C1F39C]\n\t(No symbol) [0x00007FF752BF7153]\n\t(No symbol) [0x00007FF752BC0421]\n\t(No symbol) [0x00007FF752BC11B3]\n\tGetHandleVerifier [0x00007FF7530AD71D+3223453]\n\tGetHandleVerifier [0x00007FF7530A7CC2+3200322]\n\tGetHandleVerifier [0x00007FF7530C5AF3+3322739]\n\tGetHandleVerifier [0x00007FF752DC6A1A+180890]\n\tGetHandleVerifier [0x00007FF752DCE11F+211359]\n\tGetHandleVerifier [0x00007FF752DB5294+109332]\n\tGetHandleVerifier [0x00007FF752DB5442+109762]\n\tGetHandleVerifier [0x00007FF752D9BA59+4825]\n\tBaseThreadInitThunk [0x00007FFA26717374+20]\n\tRtlUserThreadStart [0x00007FFA278BCC91+33]\n\n", "trace": "  File \"C:\\Users\\slipk\\PycharmProjects\\Diplom_3\\venv\\Lib\\site-packages\\allure_commons\\_allure.py\", line 202, in impl\n    return func(*a, **kw)\n           ^^^^^^^^^^^^^^\n  File \"C:\\Users\\slipk\\PycharmProjects\\Diplom_3\\pages\\profile_page.py\", line 15, in go_to_profile\n    self.wait_for_element(ProfilePageLocators.PROFILE_LOC) # новое\n    ^^^^^^^^^^^^^^^^^^^^^^^^^^^^^^^^^^^^^^^^^^^^^^^^^^^^^^\n  File \"C:\\Users\\slipk\\PycharmProjects\\Diplom_3\\pages\\base_page.py\", line 16, in wait_for_element\n    return self.wait.until(EC.visibility_of_element_located(locator))\n           ^^^^^^^^^^^^^^^^^^^^^^^^^^^^^^^^^^^^^^^^^^^^^^^^^^^^^^^^^^\n  File \"C:\\Users\\slipk\\PycharmProjects\\Diplom_3\\venv\\Lib\\site-packages\\selenium\\webdriver\\support\\wait.py\", line 146, in until\n    raise TimeoutException(message, screen, stacktrace)\n"}, "start": 1748113133234, "stop": 1748113143645}], "start": 1748113132542, "stop": 1748113143645, "uuid": "4a90c407-e2a0-4fbf-bc3e-f8c3113b869e", "historyId": "64dd331b350b27103be248cd6e4fd5c5", "testCaseId": "64dd331b350b27103be248cd6e4fd5c5", "fullName": "tests.test_profile.TestProfile#test_go_to_order_history", "labels": [{"name": "story", "value": "Переход в раздел История заказов"}, {"name": "feature", "value": "Личный кабинет"}, {"name": "tag", "value": "@pytest.mark.usefixtures('driver')"}, {"name": "parentSuite", "value": "tests"}, {"name": "suite", "value": "test_profile"}, {"name": "subSuite", "value": "TestProfile"}, {"name": "host", "value": "DESKTOP-05J7DPF"}, {"name": "thread", "value": "31404-MainThread"}, {"name": "framework", "value": "pytest"}, {"name": "language", "value": "cpython3"}, {"name": "package", "value": "tests.test_profile"}]}