{"name": "test_go_to_profile", "status": "broken", "statusDetails": {"message": "selenium.common.exceptions.TimeoutException: Message: \nStacktrace:\nRemoteError@chrome://remote/content/shared/RemoteError.sys.mjs:8:8\nWebDriverError@chrome://remote/content/shared/webdriver/Errors.sys.mjs:199:5\nNoSuchElementError@chrome://remote/content/shared/webdriver/Errors.sys.mjs:552:5\ndom.find/</<@chrome://remote/content/shared/DOM.sys.mjs:136:16", "trace": "self = <tests.test_profile.TestProfile object at 0x000001D384B43590>\ndriver = <selenium.webdriver.firefox.webdriver.WebDriver (session=\"8dd72056-5aa1-4b1f-8a60-8df3f7a78920\")>\ncreate_and_login_user = {'accessToken': 'Bearer eyJhbGciOiJIUzI1NiIsInR5cCI6IkpXVCJ9.eyJpZCI6IjY4MzFkOTBlOWVkMjgwMDAxYjVmOTg0NyIsImlhdCI6MTc0O...w57Wn5I90NWyuveA8G8Z9ghdbXtDDwV0fIKB3Y', 'email': 'test_gihsh@yandex.ru', 'name': 'vBtwzvez', 'password': 'JqfVoUZ0I1'}\n\n    @allure.story(\"Переход в личный кабинет\")\n    def test_go_to_profile(self, driver, create_and_login_user):\n        driver.get(login_url)\n        login = LoginPage(driver)\n        login.login_user(create_and_login_user[\"email\"], create_and_login_user[\"password\"])\n        profile = ProfilePage(driver)\n        profile.go_to_profile()\n>       profile.wait_for_element(ProfilePageLocators.PROFILE_LOC)\n\ntests\\test_profile.py:21: \n_ _ _ _ _ _ _ _ _ _ _ _ _ _ _ _ _ _ _ _ _ _ _ _ _ _ _ _ _ _ _ _ _ _ _ _ _ _ _ _ _ _ _ _ _ _ _ _ _ _ _ _ _ _ _ _ _ _ _ _ _ _ _ _ _ _ _\npages\\base_page.py:16: in wait_for_element\n    return self.wait.until(EC.visibility_of_element_located(locator))\n_ _ _ _ _ _ _ _ _ _ _ _ _ _ _ _ _ _ _ _ _ _ _ _ _ _ _ _ _ _ _ _ _ _ _ _ _ _ _ _ _ _ _ _ _ _ _ _ _ _ _ _ _ _ _ _ _ _ _ _ _ _ _ _ _ _ _\n\nself = <selenium.webdriver.support.wait.WebDriverWait (session=\"8dd72056-5aa1-4b1f-8a60-8df3f7a78920\")>\nmethod = <function visibility_of_element_located.<locals>._predicate at 0x000001D384BA6CA0>, message = ''\n\n    def until(self, method: Callable[[D], Union[Literal[False], T]], message: str = \"\") -> T:\n        \"\"\"Wait until the method returns a value that is not False.\n    \n        Calls the method provided with the driver as an argument until the\n        return value does not evaluate to ``False``.\n    \n        Parameters:\n        -----------\n        method: callable(WebDriver)\n            - A callable object that takes a WebDriver instance as an argument.\n    \n        message: str\n            - Optional message for :exc:`TimeoutException`\n    \n        Return:\n        -------\n        object: T\n            - The result of the last call to `method`\n    \n        Raises:\n        -------\n        TimeoutException\n            - If 'method' does not return a truthy value within the WebDriverWait\n            object's timeout\n    \n        Example:\n        --------\n        >>> from selenium.webdriver.common.by import By\n        >>> from selenium.webdriver.support.ui import WebDriverWait\n        >>> from selenium.webdriver.support import expected_conditions as EC\n    \n        # Wait until an element is visible on the page\n        >>> wait = WebDriverWait(driver, 10)\n        >>> element = wait.until(EC.visibility_of_element_located((By.ID, \"exampleId\")))\n        >>> print(element.text)\n        \"\"\"\n        screen = None\n        stacktrace = None\n    \n        end_time = time.monotonic() + self._timeout\n        while True:\n            try:\n                value = method(self._driver)\n                if value:\n                    return value\n            except self._ignored_exceptions as exc:\n                screen = getattr(exc, \"screen\", None)\n                stacktrace = getattr(exc, \"stacktrace\", None)\n            if time.monotonic() > end_time:\n                break\n            time.sleep(self._poll)\n>       raise TimeoutException(message, screen, stacktrace)\nE       selenium.common.exceptions.TimeoutException: Message: \nE       Stacktrace:\nE       RemoteError@chrome://remote/content/shared/RemoteError.sys.mjs:8:8\nE       WebDriverError@chrome://remote/content/shared/webdriver/Errors.sys.mjs:199:5\nE       NoSuchElementError@chrome://remote/content/shared/webdriver/Errors.sys.mjs:552:5\nE       dom.find/</<@chrome://remote/content/shared/DOM.sys.mjs:136:16\n\nvenv\\Lib\\site-packages\\selenium\\webdriver\\support\\wait.py:146: TimeoutException"}, "steps": [{"name": "Ввод email: 'test_gihsh@yandex.ru'", "status": "passed", "parameters": [{"name": "email", "value": "'test_gihsh@yandex.ru'"}], "start": 1748097295152, "stop": 1748097295205}, {"name": "Ввод пароля", "status": "passed", "parameters": [{"name": "password", "value": "'JqfVoUZ0I1'"}], "start": 1748097295205, "stop": 1748097295221}, {"name": "Нажатие на кнопку 'Войти'", "status": "passed", "start": 1748097295221, "stop": 1748097295510}, {"name": "Клик по кнопке 'Личный кабинет'", "status": "passed", "start": 1748097295510, "stop": 1748097295781}], "start": 1748097294541, "stop": 1748097305832, "uuid": "713c964f-c6be-4b8c-b412-6bf95e168c7b", "historyId": "e64c818e9423ad867f9958a4f210b237", "testCaseId": "e64c818e9423ad867f9958a4f210b237", "fullName": "tests.test_profile.TestProfile#test_go_to_profile", "labels": [{"name": "feature", "value": "Личный кабинет"}, {"name": "story", "value": "Переход в личный кабинет"}, {"name": "tag", "value": "@pytest.mark.usefixtures('driver')"}, {"name": "parentSuite", "value": "tests"}, {"name": "suite", "value": "test_profile"}, {"name": "subSuite", "value": "TestProfile"}, {"name": "host", "value": "DESKTOP-05J7DPF"}, {"name": "thread", "value": "21908-MainThread"}, {"name": "framework", "value": "pytest"}, {"name": "language", "value": "cpython3"}, {"name": "package", "value": "tests.test_profile"}]}